CRITICAL - 2022-12-08 10:35:11 --> Undefined variable $users
in APPPATH\Controllers\Home.php on line 22.
 1 APPPATH\Controllers\Home.php(22): CodeIgniter\Debug\Exceptions->errorHandler(2, 'Undefined variable $users', 'APPPATH\\Controllers\\Home.php', 22)
 2 SYSTEMPATH\CodeIgniter.php(904): App\Controllers\Home->ver_perfil()
 3 SYSTEMPATH\CodeIgniter.php(457): CodeIgniter\CodeIgniter->runController(Object(App\Controllers\Home))
 4 SYSTEMPATH\CodeIgniter.php(340): CodeIgniter\CodeIgniter->handleRequest(null, Object(Config\Cache), false)
 5 FCPATH\index.php(68): CodeIgniter\CodeIgniter->run()
CRITICAL - 2022-12-08 10:38:58 --> Undefined variable $listaPersonaje
in APPPATH\Views\perfil.php on line 2.
 1 APPPATH\Views\perfil.php(2): CodeIgniter\Debug\Exceptions->errorHandler(2, 'Undefined variable $listaPersonaje', 'APPPATH\\Views\\perfil.php', 2)
 2 SYSTEMPATH\View\View.php(213): include('APPPATH\\Views\\perfil.php')
 3 SYSTEMPATH\View\View.php(216): CodeIgniter\View\View->CodeIgniter\View\{closure}()
 4 SYSTEMPATH\Common.php(1142): CodeIgniter\View\View->render('perfil.php', [], true)
 5 APPPATH\Controllers\Home.php(26): view('perfil.php')
 6 SYSTEMPATH\CodeIgniter.php(904): App\Controllers\Home->ver_perfil()
 7 SYSTEMPATH\CodeIgniter.php(457): CodeIgniter\CodeIgniter->runController(Object(App\Controllers\Home))
 8 SYSTEMPATH\CodeIgniter.php(340): CodeIgniter\CodeIgniter->handleRequest(null, Object(Config\Cache), false)
 9 FCPATH\index.php(68): CodeIgniter\CodeIgniter->run()
CRITICAL - 2022-12-08 10:42:07 --> Undefined array key "nombre"
in APPPATH\Views\perfil.php on line 21.
 1 APPPATH\Views\perfil.php(21): CodeIgniter\Debug\Exceptions->errorHandler(2, 'Undefined array key "nombre"', 'APPPATH\\Views\\perfil.php', 21)
 2 SYSTEMPATH\View\View.php(213): include('APPPATH\\Views\\perfil.php')
 3 SYSTEMPATH\View\View.php(216): CodeIgniter\View\View->CodeIgniter\View\{closure}()
 4 SYSTEMPATH\Common.php(1142): CodeIgniter\View\View->render('perfil.php', [], true)
 5 APPPATH\Controllers\Home.php(27): view('perfil.php', [...])
 6 SYSTEMPATH\CodeIgniter.php(904): App\Controllers\Home->ver_perfil()
 7 SYSTEMPATH\CodeIgniter.php(457): CodeIgniter\CodeIgniter->runController(Object(App\Controllers\Home))
 8 SYSTEMPATH\CodeIgniter.php(340): CodeIgniter\CodeIgniter->handleRequest(null, Object(Config\Cache), false)
 9 FCPATH\index.php(68): CodeIgniter\CodeIgniter->run()
CRITICAL - 2022-12-08 10:43:43 --> Undefined constant "nombre"
in APPPATH\Views\perfil.php on line 3.
 1 SYSTEMPATH\View\View.php(213): include()
 2 SYSTEMPATH\View\View.php(216): CodeIgniter\View\View->CodeIgniter\View\{closure}()
 3 SYSTEMPATH\Common.php(1142): CodeIgniter\View\View->render('perfil.php', [], true)
 4 APPPATH\Controllers\Home.php(27): view('perfil.php', [...])
 5 SYSTEMPATH\CodeIgniter.php(904): App\Controllers\Home->ver_perfil()
 6 SYSTEMPATH\CodeIgniter.php(457): CodeIgniter\CodeIgniter->runController(Object(App\Controllers\Home))
 7 SYSTEMPATH\CodeIgniter.php(340): CodeIgniter\CodeIgniter->handleRequest(null, Object(Config\Cache), false)
 8 FCPATH\index.php(68): CodeIgniter\CodeIgniter->run()
CRITICAL - 2022-12-08 10:52:27 --> Invalid file: paginas/header.php
in SYSTEMPATH\Exceptions\FrameworkException.php on line 33.
 1 SYSTEMPATH\View\View.php(201): CodeIgniter\Exceptions\FrameworkException::forInvalidFile('paginas/header.php')
 2 SYSTEMPATH\Common.php(1142): CodeIgniter\View\View->render('paginas/header', [], true)
 3 APPPATH\Controllers\Home.php(88): view('paginas/header')
 4 SYSTEMPATH\CodeIgniter.php(904): App\Controllers\Home->cambiar_perfil()
 5 SYSTEMPATH\CodeIgniter.php(457): CodeIgniter\CodeIgniter->runController(Object(App\Controllers\Home))
 6 SYSTEMPATH\CodeIgniter.php(340): CodeIgniter\CodeIgniter->handleRequest(null, Object(Config\Cache), false)
 7 FCPATH\index.php(68): CodeIgniter\CodeIgniter->run()
CRITICAL - 2022-12-08 11:06:32 --> Undefined variable $name
in APPPATH\Views\crear1.php on line 43.
 1 APPPATH\Views\crear1.php(43): CodeIgniter\Debug\Exceptions->errorHandler(2, 'Undefined variable $name', 'APPPATH\\Views\\crear1.php', 43)
 2 SYSTEMPATH\View\View.php(213): include('APPPATH\\Views\\crear1.php')
 3 SYSTEMPATH\View\View.php(216): CodeIgniter\View\View->CodeIgniter\View\{closure}()
 4 SYSTEMPATH\Common.php(1142): CodeIgniter\View\View->render('crear1.php', [], true)
 5 APPPATH\Controllers\Home.php(33): view('crear1.php')
 6 SYSTEMPATH\CodeIgniter.php(904): App\Controllers\Home->crear_pj()
 7 SYSTEMPATH\CodeIgniter.php(457): CodeIgniter\CodeIgniter->runController(Object(App\Controllers\Home))
 8 SYSTEMPATH\CodeIgniter.php(340): CodeIgniter\CodeIgniter->handleRequest(null, Object(Config\Cache), false)
 9 FCPATH\index.php(68): CodeIgniter\CodeIgniter->run()
CRITICAL - 2022-12-08 11:13:11 --> Undefined array key 0
in APPPATH\Views\perfil.php on line 22.
 1 APPPATH\Views\perfil.php(22): CodeIgniter\Debug\Exceptions->errorHandler(2, 'Undefined array key 0', 'APPPATH\\Views\\perfil.php', 22)
 2 SYSTEMPATH\View\View.php(213): include('APPPATH\\Views\\perfil.php')
 3 SYSTEMPATH\View\View.php(216): CodeIgniter\View\View->CodeIgniter\View\{closure}()
 4 SYSTEMPATH\Common.php(1142): CodeIgniter\View\View->render('perfil', [], true)
 5 APPPATH\Controllers\Home.php(108): view('perfil', [...])
 6 SYSTEMPATH\CodeIgniter.php(904): App\Controllers\Home->crear_personaje()
 7 SYSTEMPATH\CodeIgniter.php(457): CodeIgniter\CodeIgniter->runController(Object(App\Controllers\Home))
 8 SYSTEMPATH\CodeIgniter.php(340): CodeIgniter\CodeIgniter->handleRequest(null, Object(Config\Cache), false)
 9 FCPATH\index.php(68): CodeIgniter\CodeIgniter->run()
CRITICAL - 2022-12-08 11:13:24 --> Undefined array key 0
in APPPATH\Views\perfil.php on line 22.
 1 APPPATH\Views\perfil.php(22): CodeIgniter\Debug\Exceptions->errorHandler(2, 'Undefined array key 0', 'APPPATH\\Views\\perfil.php', 22)
 2 SYSTEMPATH\View\View.php(213): include('APPPATH\\Views\\perfil.php')
 3 SYSTEMPATH\View\View.php(216): CodeIgniter\View\View->CodeIgniter\View\{closure}()
 4 SYSTEMPATH\Common.php(1142): CodeIgniter\View\View->render('perfil.php', [], true)
 5 APPPATH\Controllers\Home.php(27): view('perfil.php', [...])
 6 SYSTEMPATH\CodeIgniter.php(904): App\Controllers\Home->ver_perfil()
 7 SYSTEMPATH\CodeIgniter.php(457): CodeIgniter\CodeIgniter->runController(Object(App\Controllers\Home))
 8 SYSTEMPATH\CodeIgniter.php(340): CodeIgniter\CodeIgniter->handleRequest(null, Object(Config\Cache), false)
 9 FCPATH\index.php(68): CodeIgniter\CodeIgniter->run()
CRITICAL - 2022-12-08 11:13:25 --> Undefined array key 0
in APPPATH\Views\perfil.php on line 22.
 1 APPPATH\Views\perfil.php(22): CodeIgniter\Debug\Exceptions->errorHandler(2, 'Undefined array key 0', 'APPPATH\\Views\\perfil.php', 22)
 2 SYSTEMPATH\View\View.php(213): include('APPPATH\\Views\\perfil.php')
 3 SYSTEMPATH\View\View.php(216): CodeIgniter\View\View->CodeIgniter\View\{closure}()
 4 SYSTEMPATH\Common.php(1142): CodeIgniter\View\View->render('perfil.php', [], true)
 5 APPPATH\Controllers\Home.php(27): view('perfil.php', [...])
 6 SYSTEMPATH\CodeIgniter.php(904): App\Controllers\Home->ver_perfil()
 7 SYSTEMPATH\CodeIgniter.php(457): CodeIgniter\CodeIgniter->runController(Object(App\Controllers\Home))
 8 SYSTEMPATH\CodeIgniter.php(340): CodeIgniter\CodeIgniter->handleRequest(null, Object(Config\Cache), false)
 9 FCPATH\index.php(68): CodeIgniter\CodeIgniter->run()
CRITICAL - 2022-12-08 11:15:01 --> syntax error, unexpected token ";", expecting "]"
in APPPATH\Controllers\Home.php on line 106.
 1 SYSTEMPATH\Router\Router.php(499): CodeIgniter\Router\AutoRouter->getRoute('Home/crear_pj')
 2 SYSTEMPATH\Router\Router.php(205): CodeIgniter\Router\Router->autoRoute('Home/crear_pj')
 3 SYSTEMPATH\CodeIgniter.php(779): CodeIgniter\Router\Router->handle('Home/crear_pj')
 4 SYSTEMPATH\CodeIgniter.php(406): CodeIgniter\CodeIgniter->tryToRouteIt(Object(CodeIgniter\Router\RouteCollection))
 5 SYSTEMPATH\CodeIgniter.php(340): CodeIgniter\CodeIgniter->handleRequest(null, Object(Config\Cache), false)
 6 FCPATH\index.php(68): CodeIgniter\CodeIgniter->run()
CRITICAL - 2022-12-08 11:17:29 --> Undefined array key 0
in APPPATH\Views\perfil.php on line 22.
 1 APPPATH\Views\perfil.php(22): CodeIgniter\Debug\Exceptions->errorHandler(2, 'Undefined array key 0', 'APPPATH\\Views\\perfil.php', 22)
 2 SYSTEMPATH\View\View.php(213): include('APPPATH\\Views\\perfil.php')
 3 SYSTEMPATH\View\View.php(216): CodeIgniter\View\View->CodeIgniter\View\{closure}()
 4 SYSTEMPATH\Common.php(1142): CodeIgniter\View\View->render('perfil.php', [], true)
 5 APPPATH\Controllers\Home.php(27): view('perfil.php', [...])
 6 SYSTEMPATH\CodeIgniter.php(904): App\Controllers\Home->ver_perfil()
 7 SYSTEMPATH\CodeIgniter.php(457): CodeIgniter\CodeIgniter->runController(Object(App\Controllers\Home))
 8 SYSTEMPATH\CodeIgniter.php(340): CodeIgniter\CodeIgniter->handleRequest(null, Object(Config\Cache), false)
 9 FCPATH\index.php(68): CodeIgniter\CodeIgniter->run()
CRITICAL - 2022-12-08 11:17:35 --> Undefined array key 0
in APPPATH\Views\perfil.php on line 22.
 1 APPPATH\Views\perfil.php(22): CodeIgniter\Debug\Exceptions->errorHandler(2, 'Undefined array key 0', 'APPPATH\\Views\\perfil.php', 22)
 2 SYSTEMPATH\View\View.php(213): include('APPPATH\\Views\\perfil.php')
 3 SYSTEMPATH\View\View.php(216): CodeIgniter\View\View->CodeIgniter\View\{closure}()
 4 SYSTEMPATH\Common.php(1142): CodeIgniter\View\View->render('perfil.php', [], true)
 5 APPPATH\Controllers\Home.php(27): view('perfil.php', [...])
 6 SYSTEMPATH\CodeIgniter.php(904): App\Controllers\Home->ver_perfil()
 7 SYSTEMPATH\CodeIgniter.php(457): CodeIgniter\CodeIgniter->runController(Object(App\Controllers\Home))
 8 SYSTEMPATH\CodeIgniter.php(340): CodeIgniter\CodeIgniter->handleRequest(null, Object(Config\Cache), false)
 9 FCPATH\index.php(68): CodeIgniter\CodeIgniter->run()
CRITICAL - 2022-12-08 11:20:13 --> Undefined variable $listaAutor
in APPPATH\Views\crear1.php on line 59.
 1 APPPATH\Views\crear1.php(59): CodeIgniter\Debug\Exceptions->errorHandler(2, 'Undefined variable $listaAutor', 'APPPATH\\Views\\crear1.php', 59)
 2 SYSTEMPATH\View\View.php(213): include('APPPATH\\Views\\crear1.php')
 3 SYSTEMPATH\View\View.php(216): CodeIgniter\View\View->CodeIgniter\View\{closure}()
 4 SYSTEMPATH\Common.php(1142): CodeIgniter\View\View->render('crear1.php', [], true)
 5 APPPATH\Controllers\Home.php(33): view('crear1.php')
 6 SYSTEMPATH\CodeIgniter.php(904): App\Controllers\Home->crear_pj()
 7 SYSTEMPATH\CodeIgniter.php(457): CodeIgniter\CodeIgniter->runController(Object(App\Controllers\Home))
 8 SYSTEMPATH\CodeIgniter.php(340): CodeIgniter\CodeIgniter->handleRequest(null, Object(Config\Cache), false)
 9 FCPATH\index.php(68): CodeIgniter\CodeIgniter->run()
CRITICAL - 2022-12-08 11:22:59 --> Class "App\Models\especieModel" not found
in APPPATH\Controllers\Home.php on line 32.
 1 SYSTEMPATH\CodeIgniter.php(904): App\Controllers\Home->crear_pj()
 2 SYSTEMPATH\CodeIgniter.php(457): CodeIgniter\CodeIgniter->runController(Object(App\Controllers\Home))
 3 SYSTEMPATH\CodeIgniter.php(340): CodeIgniter\CodeIgniter->handleRequest(null, Object(Config\Cache), false)
 4 FCPATH\index.php(68): CodeIgniter\CodeIgniter->run()
CRITICAL - 2022-12-08 11:28:22 --> Undefined variable $data
in APPPATH\Controllers\Home.php on line 114.
 1 APPPATH\Controllers\Home.php(114): CodeIgniter\Debug\Exceptions->errorHandler(2, 'Undefined variable $data', 'APPPATH\\Controllers\\Home.php', 114)
 2 SYSTEMPATH\CodeIgniter.php(904): App\Controllers\Home->crear_personaje()
 3 SYSTEMPATH\CodeIgniter.php(457): CodeIgniter\CodeIgniter->runController(Object(App\Controllers\Home))
 4 SYSTEMPATH\CodeIgniter.php(340): CodeIgniter\CodeIgniter->handleRequest(null, Object(Config\Cache), false)
 5 FCPATH\index.php(68): CodeIgniter\CodeIgniter->run()
CRITICAL - 2022-12-08 11:30:47 --> Undefined array key "especie"
in APPPATH\Views\perfil.php on line 41.
 1 APPPATH\Views\perfil.php(41): CodeIgniter\Debug\Exceptions->errorHandler(2, 'Undefined array key "especie"', 'APPPATH\\Views\\perfil.php', 41)
 2 SYSTEMPATH\View\View.php(213): include('APPPATH\\Views\\perfil.php')
 3 SYSTEMPATH\View\View.php(216): CodeIgniter\View\View->CodeIgniter\View\{closure}()
 4 SYSTEMPATH\Common.php(1142): CodeIgniter\View\View->render('perfil.php', [], true)
 5 APPPATH\Controllers\Home.php(27): view('perfil.php', [...])
 6 SYSTEMPATH\CodeIgniter.php(904): App\Controllers\Home->ver_perfil()
 7 SYSTEMPATH\CodeIgniter.php(457): CodeIgniter\CodeIgniter->runController(Object(App\Controllers\Home))
 8 SYSTEMPATH\CodeIgniter.php(340): CodeIgniter\CodeIgniter->handleRequest(null, Object(Config\Cache), false)
 9 FCPATH\index.php(68): CodeIgniter\CodeIgniter->run()
CRITICAL - 2022-12-08 11:32:01 --> Undefined array key 0
in APPPATH\Views\perfil.php on line 22.
 1 APPPATH\Views\perfil.php(22): CodeIgniter\Debug\Exceptions->errorHandler(2, 'Undefined array key 0', 'APPPATH\\Views\\perfil.php', 22)
 2 SYSTEMPATH\View\View.php(213): include('APPPATH\\Views\\perfil.php')
 3 SYSTEMPATH\View\View.php(216): CodeIgniter\View\View->CodeIgniter\View\{closure}()
 4 SYSTEMPATH\Common.php(1142): CodeIgniter\View\View->render('perfil.php', [], true)
 5 APPPATH\Controllers\Home.php(27): view('perfil.php', [...])
 6 SYSTEMPATH\CodeIgniter.php(904): App\Controllers\Home->ver_perfil()
 7 SYSTEMPATH\CodeIgniter.php(457): CodeIgniter\CodeIgniter->runController(Object(App\Controllers\Home))
 8 SYSTEMPATH\CodeIgniter.php(340): CodeIgniter\CodeIgniter->handleRequest(null, Object(Config\Cache), false)
 9 FCPATH\index.php(68): CodeIgniter\CodeIgniter->run()
CRITICAL - 2022-12-08 11:34:33 --> Undefined array key 0
in APPPATH\Views\perfil.php on line 22.
 1 APPPATH\Views\perfil.php(22): CodeIgniter\Debug\Exceptions->errorHandler(2, 'Undefined array key 0', 'APPPATH\\Views\\perfil.php', 22)
 2 SYSTEMPATH\View\View.php(213): include('APPPATH\\Views\\perfil.php')
 3 SYSTEMPATH\View\View.php(216): CodeIgniter\View\View->CodeIgniter\View\{closure}()
 4 SYSTEMPATH\Common.php(1142): CodeIgniter\View\View->render('perfil.php', [], true)
 5 APPPATH\Controllers\Home.php(27): view('perfil.php', [...])
 6 SYSTEMPATH\CodeIgniter.php(904): App\Controllers\Home->ver_perfil()
 7 SYSTEMPATH\CodeIgniter.php(457): CodeIgniter\CodeIgniter->runController(Object(App\Controllers\Home))
 8 SYSTEMPATH\CodeIgniter.php(340): CodeIgniter\CodeIgniter->handleRequest(null, Object(Config\Cache), false)
 9 FCPATH\index.php(68): CodeIgniter\CodeIgniter->run()
ERROR - 2022-12-08 11:35:32 --> mysqli_sql_exception: Cannot add or update a child row: a foreign key constraint fails (`ladder`.`personaje`, CONSTRAINT `FK_personaje_especie` FOREIGN KEY (`especieID`) REFERENCES `especie` (`especieID`) ON DELETE NO ACTION ON UPDATE NO ACTION) in C:\xampp\htdocs\ladder\system\Database\MySQLi\Connection.php:292
Stack trace:
#0 C:\xampp\htdocs\ladder\system\Database\MySQLi\Connection.php(292): mysqli->query('INSERT INTO `pe...', 0)
#1 C:\xampp\htdocs\ladder\system\Database\BaseConnection.php(693): CodeIgniter\Database\MySQLi\Connection->execute('INSERT INTO `pe...')
#2 C:\xampp\htdocs\ladder\system\Database\BaseConnection.php(620): CodeIgniter\Database\BaseConnection->simpleQuery('INSERT INTO `pe...')
#3 C:\xampp\htdocs\ladder\system\Database\BaseBuilder.php(1916): CodeIgniter\Database\BaseConnection->query('INSERT INTO `pe...', Array, false)
#4 C:\xampp\htdocs\ladder\system\Model.php(279): CodeIgniter\Database\BaseBuilder->insert()
#5 C:\xampp\htdocs\ladder\system\BaseModel.php(738): CodeIgniter\Model->doInsert(Array)
#6 C:\xampp\htdocs\ladder\system\Model.php(667): CodeIgniter\BaseModel->insert(Array, true)
#7 C:\xampp\htdocs\ladder\app\Controllers\Home.php(114): CodeIgniter\Model->insert(Array)
#8 C:\xampp\htdocs\ladder\system\CodeIgniter.php(904): App\Controllers\Home->crear_personaje()
#9 C:\xampp\htdocs\ladder\system\CodeIgniter.php(457): CodeIgniter\CodeIgniter->runController(Object(App\Controllers\Home))
#10 C:\xampp\htdocs\ladder\system\CodeIgniter.php(340): CodeIgniter\CodeIgniter->handleRequest(NULL, Object(Config\Cache), false)
#11 C:\xampp\htdocs\ladder\index.php(68): CodeIgniter\CodeIgniter->run()
#12 {main}
CRITICAL - 2022-12-08 11:35:32 --> Cannot add or update a child row: a foreign key constraint fails (`ladder`.`personaje`, CONSTRAINT `FK_personaje_especie` FOREIGN KEY (`especieID`) REFERENCES `especie` (`especieID`) ON DELETE NO ACTION ON UPDATE NO ACTION)
in SYSTEMPATH\Database\MySQLi\Connection.php on line 292.
 1 SYSTEMPATH\Database\MySQLi\Connection.php(292): mysqli->query('INSERT INTO `personaje` (`nombre`, `userID`) VALUES (\'wewqeqwqw\', \'1\')', 0)
 2 SYSTEMPATH\Database\BaseConnection.php(693): CodeIgniter\Database\MySQLi\Connection->execute('INSERT INTO `personaje` (`nombre`, `userID`) VALUES (\'wewqeqwqw\', \'1\')')
 3 SYSTEMPATH\Database\BaseConnection.php(620): CodeIgniter\Database\BaseConnection->simpleQuery('INSERT INTO `personaje` (`nombre`, `userID`) VALUES (\'wewqeqwqw\', \'1\')')
 4 SYSTEMPATH\Database\BaseBuilder.php(1916): CodeIgniter\Database\BaseConnection->query('INSERT INTO `personaje` (`nombre`, `userID`) VALUES (:nombre:, :userID:)', [...], false)
 5 SYSTEMPATH\Model.php(279): CodeIgniter\Database\BaseBuilder->insert()
 6 SYSTEMPATH\BaseModel.php(738): CodeIgniter\Model->doInsert([...])
 7 SYSTEMPATH\Model.php(667): CodeIgniter\BaseModel->insert([...], true)
 8 APPPATH\Controllers\Home.php(114): CodeIgniter\Model->insert([...])
 9 SYSTEMPATH\CodeIgniter.php(904): App\Controllers\Home->crear_personaje()
10 SYSTEMPATH\CodeIgniter.php(457): CodeIgniter\CodeIgniter->runController(Object(App\Controllers\Home))
11 SYSTEMPATH\CodeIgniter.php(340): CodeIgniter\CodeIgniter->handleRequest(null, Object(Config\Cache), false)
12 FCPATH\index.php(68): CodeIgniter\CodeIgniter->run()
ERROR - 2022-12-08 11:36:11 --> mysqli_sql_exception: Cannot add or update a child row: a foreign key constraint fails (`ladder`.`personaje`, CONSTRAINT `FK_personaje_especie` FOREIGN KEY (`especieID`) REFERENCES `especie` (`especieID`) ON DELETE NO ACTION ON UPDATE NO ACTION) in C:\xampp\htdocs\ladder\system\Database\MySQLi\Connection.php:292
Stack trace:
#0 C:\xampp\htdocs\ladder\system\Database\MySQLi\Connection.php(292): mysqli->query('INSERT INTO `pe...', 0)
#1 C:\xampp\htdocs\ladder\system\Database\BaseConnection.php(693): CodeIgniter\Database\MySQLi\Connection->execute('INSERT INTO `pe...')
#2 C:\xampp\htdocs\ladder\system\Database\BaseConnection.php(620): CodeIgniter\Database\BaseConnection->simpleQuery('INSERT INTO `pe...')
#3 C:\xampp\htdocs\ladder\system\Database\BaseBuilder.php(1916): CodeIgniter\Database\BaseConnection->query('INSERT INTO `pe...', Array, false)
#4 C:\xampp\htdocs\ladder\system\Model.php(279): CodeIgniter\Database\BaseBuilder->insert()
#5 C:\xampp\htdocs\ladder\system\BaseModel.php(738): CodeIgniter\Model->doInsert(Array)
#6 C:\xampp\htdocs\ladder\system\Model.php(667): CodeIgniter\BaseModel->insert(Array, true)
#7 C:\xampp\htdocs\ladder\app\Controllers\Home.php(114): CodeIgniter\Model->insert(Array)
#8 C:\xampp\htdocs\ladder\system\CodeIgniter.php(904): App\Controllers\Home->crear_personaje()
#9 C:\xampp\htdocs\ladder\system\CodeIgniter.php(457): CodeIgniter\CodeIgniter->runController(Object(App\Controllers\Home))
#10 C:\xampp\htdocs\ladder\system\CodeIgniter.php(340): CodeIgniter\CodeIgniter->handleRequest(NULL, Object(Config\Cache), false)
#11 C:\xampp\htdocs\ladder\index.php(68): CodeIgniter\CodeIgniter->run()
#12 {main}
CRITICAL - 2022-12-08 11:36:11 --> Cannot add or update a child row: a foreign key constraint fails (`ladder`.`personaje`, CONSTRAINT `FK_personaje_especie` FOREIGN KEY (`especieID`) REFERENCES `especie` (`especieID`) ON DELETE NO ACTION ON UPDATE NO ACTION)
in SYSTEMPATH\Database\MySQLi\Connection.php on line 292.
 1 SYSTEMPATH\Database\MySQLi\Connection.php(292): mysqli->query('INSERT INTO `personaje` (`nombre`, `userID`) VALUES (\'wewqeqwqw\', \'1\')', 0)
 2 SYSTEMPATH\Database\BaseConnection.php(693): CodeIgniter\Database\MySQLi\Connection->execute('INSERT INTO `personaje` (`nombre`, `userID`) VALUES (\'wewqeqwqw\', \'1\')')
 3 SYSTEMPATH\Database\BaseConnection.php(620): CodeIgniter\Database\BaseConnection->simpleQuery('INSERT INTO `personaje` (`nombre`, `userID`) VALUES (\'wewqeqwqw\', \'1\')')
 4 SYSTEMPATH\Database\BaseBuilder.php(1916): CodeIgniter\Database\BaseConnection->query('INSERT INTO `personaje` (`nombre`, `userID`) VALUES (:nombre:, :userID:)', [...], false)
 5 SYSTEMPATH\Model.php(279): CodeIgniter\Database\BaseBuilder->insert()
 6 SYSTEMPATH\BaseModel.php(738): CodeIgniter\Model->doInsert([...])
 7 SYSTEMPATH\Model.php(667): CodeIgniter\BaseModel->insert([...], true)
 8 APPPATH\Controllers\Home.php(114): CodeIgniter\Model->insert([...])
 9 SYSTEMPATH\CodeIgniter.php(904): App\Controllers\Home->crear_personaje()
10 SYSTEMPATH\CodeIgniter.php(457): CodeIgniter\CodeIgniter->runController(Object(App\Controllers\Home))
11 SYSTEMPATH\CodeIgniter.php(340): CodeIgniter\CodeIgniter->handleRequest(null, Object(Config\Cache), false)
12 FCPATH\index.php(68): CodeIgniter\CodeIgniter->run()
ERROR - 2022-12-08 11:37:20 --> mysqli_sql_exception: Cannot add or update a child row: a foreign key constraint fails (`ladder`.`personaje`, CONSTRAINT `FK_personaje_especie` FOREIGN KEY (`especieID`) REFERENCES `especie` (`especieID`) ON DELETE NO ACTION ON UPDATE NO ACTION) in C:\xampp\htdocs\ladder\system\Database\MySQLi\Connection.php:292
Stack trace:
#0 C:\xampp\htdocs\ladder\system\Database\MySQLi\Connection.php(292): mysqli->query('INSERT INTO `pe...', 0)
#1 C:\xampp\htdocs\ladder\system\Database\BaseConnection.php(693): CodeIgniter\Database\MySQLi\Connection->execute('INSERT INTO `pe...')
#2 C:\xampp\htdocs\ladder\system\Database\BaseConnection.php(620): CodeIgniter\Database\BaseConnection->simpleQuery('INSERT INTO `pe...')
#3 C:\xampp\htdocs\ladder\system\Database\BaseBuilder.php(1916): CodeIgniter\Database\BaseConnection->query('INSERT INTO `pe...', Array, false)
#4 C:\xampp\htdocs\ladder\system\Model.php(279): CodeIgniter\Database\BaseBuilder->insert()
#5 C:\xampp\htdocs\ladder\system\BaseModel.php(738): CodeIgniter\Model->doInsert(Array)
#6 C:\xampp\htdocs\ladder\system\Model.php(667): CodeIgniter\BaseModel->insert(Array, true)
#7 C:\xampp\htdocs\ladder\app\Controllers\Home.php(114): CodeIgniter\Model->insert(Array)
#8 C:\xampp\htdocs\ladder\system\CodeIgniter.php(904): App\Controllers\Home->crear_personaje()
#9 C:\xampp\htdocs\ladder\system\CodeIgniter.php(457): CodeIgniter\CodeIgniter->runController(Object(App\Controllers\Home))
#10 C:\xampp\htdocs\ladder\system\CodeIgniter.php(340): CodeIgniter\CodeIgniter->handleRequest(NULL, Object(Config\Cache), false)
#11 C:\xampp\htdocs\ladder\index.php(68): CodeIgniter\CodeIgniter->run()
#12 {main}
CRITICAL - 2022-12-08 11:37:20 --> Cannot add or update a child row: a foreign key constraint fails (`ladder`.`personaje`, CONSTRAINT `FK_personaje_especie` FOREIGN KEY (`especieID`) REFERENCES `especie` (`especieID`) ON DELETE NO ACTION ON UPDATE NO ACTION)
in SYSTEMPATH\Database\MySQLi\Connection.php on line 292.
 1 SYSTEMPATH\Database\MySQLi\Connection.php(292): mysqli->query('INSERT INTO `personaje` (`nombre`, `userID`) VALUES (\'sadads\', \'1\')', 0)
 2 SYSTEMPATH\Database\BaseConnection.php(693): CodeIgniter\Database\MySQLi\Connection->execute('INSERT INTO `personaje` (`nombre`, `userID`) VALUES (\'sadads\', \'1\')')
 3 SYSTEMPATH\Database\BaseConnection.php(620): CodeIgniter\Database\BaseConnection->simpleQuery('INSERT INTO `personaje` (`nombre`, `userID`) VALUES (\'sadads\', \'1\')')
 4 SYSTEMPATH\Database\BaseBuilder.php(1916): CodeIgniter\Database\BaseConnection->query('INSERT INTO `personaje` (`nombre`, `userID`) VALUES (:nombre:, :userID:)', [...], false)
 5 SYSTEMPATH\Model.php(279): CodeIgniter\Database\BaseBuilder->insert()
 6 SYSTEMPATH\BaseModel.php(738): CodeIgniter\Model->doInsert([...])
 7 SYSTEMPATH\Model.php(667): CodeIgniter\BaseModel->insert([...], true)
 8 APPPATH\Controllers\Home.php(114): CodeIgniter\Model->insert([...])
 9 SYSTEMPATH\CodeIgniter.php(904): App\Controllers\Home->crear_personaje()
10 SYSTEMPATH\CodeIgniter.php(457): CodeIgniter\CodeIgniter->runController(Object(App\Controllers\Home))
11 SYSTEMPATH\CodeIgniter.php(340): CodeIgniter\CodeIgniter->handleRequest(null, Object(Config\Cache), false)
12 FCPATH\index.php(68): CodeIgniter\CodeIgniter->run()
ERROR - 2022-12-08 11:38:10 --> mysqli_sql_exception: Cannot add or update a child row: a foreign key constraint fails (`ladder`.`personaje`, CONSTRAINT `FK_personaje_especie` FOREIGN KEY (`especieID`) REFERENCES `especie` (`especieID`) ON DELETE NO ACTION ON UPDATE NO ACTION) in C:\xampp\htdocs\ladder\system\Database\MySQLi\Connection.php:292
Stack trace:
#0 C:\xampp\htdocs\ladder\system\Database\MySQLi\Connection.php(292): mysqli->query('INSERT INTO `pe...', 0)
#1 C:\xampp\htdocs\ladder\system\Database\BaseConnection.php(693): CodeIgniter\Database\MySQLi\Connection->execute('INSERT INTO `pe...')
#2 C:\xampp\htdocs\ladder\system\Database\BaseConnection.php(620): CodeIgniter\Database\BaseConnection->simpleQuery('INSERT INTO `pe...')
#3 C:\xampp\htdocs\ladder\system\Database\BaseBuilder.php(1916): CodeIgniter\Database\BaseConnection->query('INSERT INTO `pe...', Array, false)
#4 C:\xampp\htdocs\ladder\system\Model.php(279): CodeIgniter\Database\BaseBuilder->insert()
#5 C:\xampp\htdocs\ladder\system\BaseModel.php(738): CodeIgniter\Model->doInsert(Array)
#6 C:\xampp\htdocs\ladder\system\Model.php(667): CodeIgniter\BaseModel->insert(Array, true)
#7 C:\xampp\htdocs\ladder\app\Controllers\Home.php(114): CodeIgniter\Model->insert(Array)
#8 C:\xampp\htdocs\ladder\system\CodeIgniter.php(904): App\Controllers\Home->crear_personaje()
#9 C:\xampp\htdocs\ladder\system\CodeIgniter.php(457): CodeIgniter\CodeIgniter->runController(Object(App\Controllers\Home))
#10 C:\xampp\htdocs\ladder\system\CodeIgniter.php(340): CodeIgniter\CodeIgniter->handleRequest(NULL, Object(Config\Cache), false)
#11 C:\xampp\htdocs\ladder\index.php(68): CodeIgniter\CodeIgniter->run()
#12 {main}
CRITICAL - 2022-12-08 11:38:10 --> Cannot add or update a child row: a foreign key constraint fails (`ladder`.`personaje`, CONSTRAINT `FK_personaje_especie` FOREIGN KEY (`especieID`) REFERENCES `especie` (`especieID`) ON DELETE NO ACTION ON UPDATE NO ACTION)
in SYSTEMPATH\Database\MySQLi\Connection.php on line 292.
 1 SYSTEMPATH\Database\MySQLi\Connection.php(292): mysqli->query('INSERT INTO `personaje` (`nombre`, `userID`) VALUES (\'sadads\', \'1\')', 0)
 2 SYSTEMPATH\Database\BaseConnection.php(693): CodeIgniter\Database\MySQLi\Connection->execute('INSERT INTO `personaje` (`nombre`, `userID`) VALUES (\'sadads\', \'1\')')
 3 SYSTEMPATH\Database\BaseConnection.php(620): CodeIgniter\Database\BaseConnection->simpleQuery('INSERT INTO `personaje` (`nombre`, `userID`) VALUES (\'sadads\', \'1\')')
 4 SYSTEMPATH\Database\BaseBuilder.php(1916): CodeIgniter\Database\BaseConnection->query('INSERT INTO `personaje` (`nombre`, `userID`) VALUES (:nombre:, :userID:)', [...], false)
 5 SYSTEMPATH\Model.php(279): CodeIgniter\Database\BaseBuilder->insert()
 6 SYSTEMPATH\BaseModel.php(738): CodeIgniter\Model->doInsert([...])
 7 SYSTEMPATH\Model.php(667): CodeIgniter\BaseModel->insert([...], true)
 8 APPPATH\Controllers\Home.php(114): CodeIgniter\Model->insert([...])
 9 SYSTEMPATH\CodeIgniter.php(904): App\Controllers\Home->crear_personaje()
10 SYSTEMPATH\CodeIgniter.php(457): CodeIgniter\CodeIgniter->runController(Object(App\Controllers\Home))
11 SYSTEMPATH\CodeIgniter.php(340): CodeIgniter\CodeIgniter->handleRequest(null, Object(Config\Cache), false)
12 FCPATH\index.php(68): CodeIgniter\CodeIgniter->run()
ERROR - 2022-12-08 11:40:11 --> mysqli_sql_exception: Cannot add or update a child row: a foreign key constraint fails (`ladder`.`personaje`, CONSTRAINT `FK_personaje_especie` FOREIGN KEY (`especieID`) REFERENCES `especie` (`especieID`) ON DELETE NO ACTION ON UPDATE NO ACTION) in C:\xampp\htdocs\ladder\system\Database\MySQLi\Connection.php:292
Stack trace:
#0 C:\xampp\htdocs\ladder\system\Database\MySQLi\Connection.php(292): mysqli->query('INSERT INTO `pe...', 0)
#1 C:\xampp\htdocs\ladder\system\Database\BaseConnection.php(693): CodeIgniter\Database\MySQLi\Connection->execute('INSERT INTO `pe...')
#2 C:\xampp\htdocs\ladder\system\Database\BaseConnection.php(620): CodeIgniter\Database\BaseConnection->simpleQuery('INSERT INTO `pe...')
#3 C:\xampp\htdocs\ladder\system\Database\BaseBuilder.php(1916): CodeIgniter\Database\BaseConnection->query('INSERT INTO `pe...', Array, false)
#4 C:\xampp\htdocs\ladder\system\Model.php(279): CodeIgniter\Database\BaseBuilder->insert()
#5 C:\xampp\htdocs\ladder\system\BaseModel.php(738): CodeIgniter\Model->doInsert(Array)
#6 C:\xampp\htdocs\ladder\system\Model.php(667): CodeIgniter\BaseModel->insert(Array, true)
#7 C:\xampp\htdocs\ladder\app\Controllers\Home.php(115): CodeIgniter\Model->insert(Array)
#8 C:\xampp\htdocs\ladder\system\CodeIgniter.php(904): App\Controllers\Home->crear_personaje()
#9 C:\xampp\htdocs\ladder\system\CodeIgniter.php(457): CodeIgniter\CodeIgniter->runController(Object(App\Controllers\Home))
#10 C:\xampp\htdocs\ladder\system\CodeIgniter.php(340): CodeIgniter\CodeIgniter->handleRequest(NULL, Object(Config\Cache), false)
#11 C:\xampp\htdocs\ladder\index.php(68): CodeIgniter\CodeIgniter->run()
#12 {main}
CRITICAL - 2022-12-08 11:40:11 --> Cannot add or update a child row: a foreign key constraint fails (`ladder`.`personaje`, CONSTRAINT `FK_personaje_especie` FOREIGN KEY (`especieID`) REFERENCES `especie` (`especieID`) ON DELETE NO ACTION ON UPDATE NO ACTION)
in SYSTEMPATH\Database\MySQLi\Connection.php on line 292.
 1 SYSTEMPATH\Database\MySQLi\Connection.php(292): mysqli->query('INSERT INTO `personaje` (`nombre`, `userID`) VALUES (\'asdadsadsadsdasasd\', \'1\')', 0)
 2 SYSTEMPATH\Database\BaseConnection.php(693): CodeIgniter\Database\MySQLi\Connection->execute('INSERT INTO `personaje` (`nombre`, `userID`) VALUES (\'asdadsadsadsdasasd\', \'1\')')
 3 SYSTEMPATH\Database\BaseConnection.php(620): CodeIgniter\Database\BaseConnection->simpleQuery('INSERT INTO `personaje` (`nombre`, `userID`) VALUES (\'asdadsadsadsdasasd\', \'1\')')
 4 SYSTEMPATH\Database\BaseBuilder.php(1916): CodeIgniter\Database\BaseConnection->query('INSERT INTO `personaje` (`nombre`, `userID`) VALUES (:nombre:, :userID:)', [...], false)
 5 SYSTEMPATH\Model.php(279): CodeIgniter\Database\BaseBuilder->insert()
 6 SYSTEMPATH\BaseModel.php(738): CodeIgniter\Model->doInsert([...])
 7 SYSTEMPATH\Model.php(667): CodeIgniter\BaseModel->insert([...], true)
 8 APPPATH\Controllers\Home.php(115): CodeIgniter\Model->insert([...])
 9 SYSTEMPATH\CodeIgniter.php(904): App\Controllers\Home->crear_personaje()
10 SYSTEMPATH\CodeIgniter.php(457): CodeIgniter\CodeIgniter->runController(Object(App\Controllers\Home))
11 SYSTEMPATH\CodeIgniter.php(340): CodeIgniter\CodeIgniter->handleRequest(null, Object(Config\Cache), false)
12 FCPATH\index.php(68): CodeIgniter\CodeIgniter->run()
ERROR - 2022-12-08 11:40:53 --> mysqli_sql_exception: Cannot add or update a child row: a foreign key constraint fails (`ladder`.`personaje`, CONSTRAINT `FK_personaje_especie` FOREIGN KEY (`especieID`) REFERENCES `especie` (`especieID`) ON DELETE NO ACTION ON UPDATE NO ACTION) in C:\xampp\htdocs\ladder\system\Database\MySQLi\Connection.php:292
Stack trace:
#0 C:\xampp\htdocs\ladder\system\Database\MySQLi\Connection.php(292): mysqli->query('INSERT INTO `pe...', 0)
#1 C:\xampp\htdocs\ladder\system\Database\BaseConnection.php(693): CodeIgniter\Database\MySQLi\Connection->execute('INSERT INTO `pe...')
#2 C:\xampp\htdocs\ladder\system\Database\BaseConnection.php(620): CodeIgniter\Database\BaseConnection->simpleQuery('INSERT INTO `pe...')
#3 C:\xampp\htdocs\ladder\system\Database\BaseBuilder.php(1916): CodeIgniter\Database\BaseConnection->query('INSERT INTO `pe...', Array, false)
#4 C:\xampp\htdocs\ladder\system\Model.php(279): CodeIgniter\Database\BaseBuilder->insert()
#5 C:\xampp\htdocs\ladder\system\BaseModel.php(738): CodeIgniter\Model->doInsert(Array)
#6 C:\xampp\htdocs\ladder\system\Model.php(667): CodeIgniter\BaseModel->insert(Array, true)
#7 C:\xampp\htdocs\ladder\app\Controllers\Home.php(115): CodeIgniter\Model->insert(Array)
#8 C:\xampp\htdocs\ladder\system\CodeIgniter.php(904): App\Controllers\Home->crear_personaje()
#9 C:\xampp\htdocs\ladder\system\CodeIgniter.php(457): CodeIgniter\CodeIgniter->runController(Object(App\Controllers\Home))
#10 C:\xampp\htdocs\ladder\system\CodeIgniter.php(340): CodeIgniter\CodeIgniter->handleRequest(NULL, Object(Config\Cache), false)
#11 C:\xampp\htdocs\ladder\index.php(68): CodeIgniter\CodeIgniter->run()
#12 {main}
CRITICAL - 2022-12-08 11:40:53 --> Cannot add or update a child row: a foreign key constraint fails (`ladder`.`personaje`, CONSTRAINT `FK_personaje_especie` FOREIGN KEY (`especieID`) REFERENCES `especie` (`especieID`) ON DELETE NO ACTION ON UPDATE NO ACTION)
in SYSTEMPATH\Database\MySQLi\Connection.php on line 292.
 1 SYSTEMPATH\Database\MySQLi\Connection.php(292): mysqli->query('INSERT INTO `personaje` (`nombre`, `userID`) VALUES (\'asdadsadsadsdasasd\', \'1\')', 0)
 2 SYSTEMPATH\Database\BaseConnection.php(693): CodeIgniter\Database\MySQLi\Connection->execute('INSERT INTO `personaje` (`nombre`, `userID`) VALUES (\'asdadsadsadsdasasd\', \'1\')')
 3 SYSTEMPATH\Database\BaseConnection.php(620): CodeIgniter\Database\BaseConnection->simpleQuery('INSERT INTO `personaje` (`nombre`, `userID`) VALUES (\'asdadsadsadsdasasd\', \'1\')')
 4 SYSTEMPATH\Database\BaseBuilder.php(1916): CodeIgniter\Database\BaseConnection->query('INSERT INTO `personaje` (`nombre`, `userID`) VALUES (:nombre:, :userID:)', [...], false)
 5 SYSTEMPATH\Model.php(279): CodeIgniter\Database\BaseBuilder->insert()
 6 SYSTEMPATH\BaseModel.php(738): CodeIgniter\Model->doInsert([...])
 7 SYSTEMPATH\Model.php(667): CodeIgniter\BaseModel->insert([...], true)
 8 APPPATH\Controllers\Home.php(115): CodeIgniter\Model->insert([...])
 9 SYSTEMPATH\CodeIgniter.php(904): App\Controllers\Home->crear_personaje()
10 SYSTEMPATH\CodeIgniter.php(457): CodeIgniter\CodeIgniter->runController(Object(App\Controllers\Home))
11 SYSTEMPATH\CodeIgniter.php(340): CodeIgniter\CodeIgniter->handleRequest(null, Object(Config\Cache), false)
12 FCPATH\index.php(68): CodeIgniter\CodeIgniter->run()
ERROR - 2022-12-08 11:41:09 --> mysqli_sql_exception: Cannot add or update a child row: a foreign key constraint fails (`ladder`.`personaje`, CONSTRAINT `FK_personaje_especie` FOREIGN KEY (`especieID`) REFERENCES `especie` (`especieID`) ON DELETE NO ACTION ON UPDATE NO ACTION) in C:\xampp\htdocs\ladder\system\Database\MySQLi\Connection.php:292
Stack trace:
#0 C:\xampp\htdocs\ladder\system\Database\MySQLi\Connection.php(292): mysqli->query('INSERT INTO `pe...', 0)
#1 C:\xampp\htdocs\ladder\system\Database\BaseConnection.php(693): CodeIgniter\Database\MySQLi\Connection->execute('INSERT INTO `pe...')
#2 C:\xampp\htdocs\ladder\system\Database\BaseConnection.php(620): CodeIgniter\Database\BaseConnection->simpleQuery('INSERT INTO `pe...')
#3 C:\xampp\htdocs\ladder\system\Database\BaseBuilder.php(1916): CodeIgniter\Database\BaseConnection->query('INSERT INTO `pe...', Array, false)
#4 C:\xampp\htdocs\ladder\system\Model.php(279): CodeIgniter\Database\BaseBuilder->insert()
#5 C:\xampp\htdocs\ladder\system\BaseModel.php(738): CodeIgniter\Model->doInsert(Array)
#6 C:\xampp\htdocs\ladder\system\Model.php(667): CodeIgniter\BaseModel->insert(Array, true)
#7 C:\xampp\htdocs\ladder\app\Controllers\Home.php(115): CodeIgniter\Model->insert(Array)
#8 C:\xampp\htdocs\ladder\system\CodeIgniter.php(904): App\Controllers\Home->crear_personaje()
#9 C:\xampp\htdocs\ladder\system\CodeIgniter.php(457): CodeIgniter\CodeIgniter->runController(Object(App\Controllers\Home))
#10 C:\xampp\htdocs\ladder\system\CodeIgniter.php(340): CodeIgniter\CodeIgniter->handleRequest(NULL, Object(Config\Cache), false)
#11 C:\xampp\htdocs\ladder\index.php(68): CodeIgniter\CodeIgniter->run()
#12 {main}
CRITICAL - 2022-12-08 11:41:09 --> Cannot add or update a child row: a foreign key constraint fails (`ladder`.`personaje`, CONSTRAINT `FK_personaje_especie` FOREIGN KEY (`especieID`) REFERENCES `especie` (`especieID`) ON DELETE NO ACTION ON UPDATE NO ACTION)
in SYSTEMPATH\Database\MySQLi\Connection.php on line 292.
 1 SYSTEMPATH\Database\MySQLi\Connection.php(292): mysqli->query('INSERT INTO `personaje` (`nombre`, `userID`) VALUES (\'123231\', \'1\')', 0)
 2 SYSTEMPATH\Database\BaseConnection.php(693): CodeIgniter\Database\MySQLi\Connection->execute('INSERT INTO `personaje` (`nombre`, `userID`) VALUES (\'123231\', \'1\')')
 3 SYSTEMPATH\Database\BaseConnection.php(620): CodeIgniter\Database\BaseConnection->simpleQuery('INSERT INTO `personaje` (`nombre`, `userID`) VALUES (\'123231\', \'1\')')
 4 SYSTEMPATH\Database\BaseBuilder.php(1916): CodeIgniter\Database\BaseConnection->query('INSERT INTO `personaje` (`nombre`, `userID`) VALUES (:nombre:, :userID:)', [...], false)
 5 SYSTEMPATH\Model.php(279): CodeIgniter\Database\BaseBuilder->insert()
 6 SYSTEMPATH\BaseModel.php(738): CodeIgniter\Model->doInsert([...])
 7 SYSTEMPATH\Model.php(667): CodeIgniter\BaseModel->insert([...], true)
 8 APPPATH\Controllers\Home.php(115): CodeIgniter\Model->insert([...])
 9 SYSTEMPATH\CodeIgniter.php(904): App\Controllers\Home->crear_personaje()
10 SYSTEMPATH\CodeIgniter.php(457): CodeIgniter\CodeIgniter->runController(Object(App\Controllers\Home))
11 SYSTEMPATH\CodeIgniter.php(340): CodeIgniter\CodeIgniter->handleRequest(null, Object(Config\Cache), false)
12 FCPATH\index.php(68): CodeIgniter\CodeIgniter->run()
CRITICAL - 2022-12-08 11:54:01 --> Undefined array key 2
in APPPATH\Views\perfil.php on line 35.
 1 APPPATH\Views\perfil.php(35): CodeIgniter\Debug\Exceptions->errorHandler(2, 'Undefined array key 2', 'APPPATH\\Views\\perfil.php', 35)
 2 SYSTEMPATH\View\View.php(213): include('APPPATH\\Views\\perfil.php')
 3 SYSTEMPATH\View\View.php(216): CodeIgniter\View\View->CodeIgniter\View\{closure}()
 4 SYSTEMPATH\Common.php(1142): CodeIgniter\View\View->render('perfil.php', [], true)
 5 APPPATH\Controllers\Home.php(27): view('perfil.php', [...])
 6 SYSTEMPATH\CodeIgniter.php(904): App\Controllers\Home->ver_perfil()
 7 SYSTEMPATH\CodeIgniter.php(457): CodeIgniter\CodeIgniter->runController(Object(App\Controllers\Home))
 8 SYSTEMPATH\CodeIgniter.php(340): CodeIgniter\CodeIgniter->handleRequest(null, Object(Config\Cache), false)
 9 FCPATH\index.php(68): CodeIgniter\CodeIgniter->run()
